{
  "uid" : "259c0f708b0e9e9b",
  "name" : "test_answer",
  "fullName" : "run_demo.test1.test_funcname#test_answer",
  "historyId" : "013a40e1d1e1431bc6e9780f62a96c4a",
  "time" : {
    "start" : 1638955469625,
    "stop" : 1638955469625,
    "duration" : 0
  },
  "status" : "failed",
  "statusMessage" : "AssertionError: assert 4 == 5\n +  where 4 = func(3)",
  "statusTrace" : "def test_answer():\n>       assert func(3) == 5\nE       assert 4 == 5\nE        +  where 4 = func(3)\n\nrun_demo\\test1\\test_funcname.py:10: AssertionError",
  "flaky" : false,
  "newFailed" : false,
  "beforeStages" : [ ],
  "afterStages" : [ ],
  "labels" : [ {
    "name" : "parentSuite",
    "value" : "run_demo.test1"
  }, {
    "name" : "suite",
    "value" : "test_funcname"
  }, {
    "name" : "host",
    "value" : "ZB-PF1BEK8Z"
  }, {
    "name" : "thread",
    "value" : "18984-MainThread"
  }, {
    "name" : "framework",
    "value" : "pytest"
  }, {
    "name" : "language",
    "value" : "cpython3"
  }, {
    "name" : "package",
    "value" : "run_demo.test1.test_funcname"
  }, {
    "name" : "resultFormat",
    "value" : "allure2"
  } ],
  "parameters" : [ ],
  "links" : [ ],
  "hidden" : false,
  "retry" : false,
  "extra" : {
    "severity" : "normal",
    "retries" : [ ],
    "categories" : [ {
      "name" : "Product defects",
      "matchedStatuses" : [ ],
      "flaky" : false
    } ],
    "tags" : [ ]
  },
  "source" : "259c0f708b0e9e9b.json",
  "parameterValues" : [ ]
}